SF:lib\features\image_dog\data\models\dog_dto.dart
DA:4,9
DA:6,4
DA:7,8
DA:10,1
DA:11,2
LF:5
LH:5
end_of_record
SF:lib\features\image_dog\domain\entities\dog.dart
DA:5,6
DA:7,1
DA:8,2
LF:3
LH:3
end_of_record
SF:lib\core\errors\error_base.dart
DA:4,2
DA:5,2
LF:2
LH:2
end_of_record
SF:lib\features\image_dog\data\datasources\image_dog_datasource_impl.dart
DA:11,1
DA:13,1
DA:14,1
DA:16,1
DA:17,3
DA:18,1
DA:19,1
DA:24,2
DA:25,3
DA:27,0
LF:10
LH:9
end_of_record
SF:lib\features\image_dog\data\repositories\image_dog_repository_impl.dart
DA:10,1
DA:13,1
DA:14,2
DA:17,1
DA:19,3
DA:20,1
DA:21,1
DA:22,2
DA:23,0
DA:24,0
LF:10
LH:8
end_of_record
SF:lib\core\usecase\usecase_base.dart
DA:10,1
DA:11,1
LF:2
LH:2
end_of_record
SF:lib\features\image_dog\domain\usecases\get_image_dog_usecase.dart
DA:10,1
DA:13,1
DA:14,3
LF:3
LH:3
end_of_record
SF:lib\features\image_dog\presentation\bloc\image_dog_state.dart
DA:4,1
DA:5,1
DA:15,1
DA:17,0
DA:18,0
DA:24,0
DA:26,0
DA:27,0
LF:8
LH:3
end_of_record
SF:lib\features\image_dog\presentation\bloc\image_dog_bloc.dart
DA:15,3
DA:16,2
DA:17,2
DA:18,4
DA:20,2
DA:21,0
DA:22,0
DA:24,1
DA:25,2
DA:31,0
DA:32,0
DA:33,0
LF:12
LH:7
end_of_record
SF:lib\features\image_dog\presentation\bloc\image_dog_event.dart
DA:6,0
DA:7,0
LF:2
LH:0
end_of_record
